app/build/outputs/logs/manifest-merger-debug-report.txt
-- Merging decision tree log ---
manifest
ADDED from src/main/AndroidManifest.xml:2:1-38:12
INJECTED from src/main/AndroidManifest.xml:2:1-38:12
INJECTED from src/main/AndroidManifest.xml:2:1-38:12
INJECTED from src/main/AndroidManifest.xml:2:1-38:12
INJECTED from src/main/AndroidManifest.xml:2:1-38:12
INJECTED from src/main/AndroidManifest.xml:2:1-38:12
INJECTED from src/main/AndroidManifest.xml:2:1-38:12
	package
		ADDED from src/main/AndroidManifest.xml:3:5-29
		INJECTED from src/main/AndroidManifest.xml
		INJECTED from src/main/AndroidManifest.xml
	android:versionName
		ADDED from src/main/AndroidManifest.xml:5:5-31
		INJECTED from src/main/AndroidManifest.xml
		INJECTED from src/main/AndroidManifest.xml
	xmlns:android
		ADDED from src/main/AndroidManifest.xml:2:11-69
	android:versionCode
		ADDED from src/main/AndroidManifest.xml:4:5-29
		INJECTED from src/main/AndroidManifest.xml
		INJECTED from src/main/AndroidManifest.xml
application
ADDED from src/main/AndroidManifest.xml:6:4-29:19
	android:label
		ADDED from src/main/AndroidManifest.xml:8:9-41
	android:icon
		ADDED from src/main/AndroidManifest.xml:7:9-45
activity#esos.MobiBench.MobiBench
ADDED from src/main/AndroidManifest.xml:9:9-21:20
	android:screenOrientation
		ADDED from src/main/AndroidManifest.xml:13:13-49
	android:label
		ADDED from src/main/AndroidManifest.xml:11:13-45
	android:theme
		ADDED from src/main/AndroidManifest.xml:12:13-66
	android:name
		ADDED from src/main/AndroidManifest.xml:10:13-38
intent-filter#action:name:android.intent.action.MAIN+category:name:android.intent.category.LAUNCHER
ADDED from src/main/AndroidManifest.xml:15:13-19:29
action#android.intent.action.MAIN
ADDED from src/main/AndroidManifest.xml:16:17-69
	android:name
		ADDED from src/main/AndroidManifest.xml:16:25-66
category#android.intent.category.LAUNCHER
ADDED from src/main/AndroidManifest.xml:18:17-77
	android:name
		ADDED from src/main/AndroidManifest.xml:18:27-74
activity#esos.MobiBench.TabMain
ADDED from src/main/AndroidManifest.xml:22:9-24:66
	android:screenOrientation
		ADDED from src/main/AndroidManifest.xml:22:83-119
	android:label
		ADDED from src/main/AndroidManifest.xml:22:57-81
	android:windowSoftInputMode
		ADDED from src/main/AndroidManifest.xml:24:13-54
	android:theme
		ADDED from src/main/AndroidManifest.xml:23:13-66
	android:name
		ADDED from src/main/AndroidManifest.xml:22:19-56
activity#esos.MobiBench.Info
ADDED from src/main/AndroidManifest.xml:25:3-172
	android:screenOrientation
		ADDED from src/main/AndroidManifest.xml:25:70-106
	android:label
		ADDED from src/main/AndroidManifest.xml:25:48-68
	android:theme
		ADDED from src/main/AndroidManifest.xml:25:107-160
	android:name
		ADDED from src/main/AndroidManifest.xml:25:13-47
activity#esos.MobiBench.First
ADDED from src/main/AndroidManifest.xml:26:3-174
	android:screenOrientation
		ADDED from src/main/AndroidManifest.xml:26:72-108
	android:label
		ADDED from src/main/AndroidManifest.xml:26:49-70
	android:theme
		ADDED from src/main/AndroidManifest.xml:26:109-162
	android:name
		ADDED from src/main/AndroidManifest.xml:26:13-48
activity#esos.ResultListControl.DialogActivity
ADDED from src/main/AndroidManifest.xml:27:3-141
	android:screenOrientation
		ADDED from src/main/AndroidManifest.xml:27:102-138
	android:theme
		ADDED from src/main/AndroidManifest.xml:27:66-100
	android:name
		ADDED from src/main/AndroidManifest.xml:27:13-65
activity#esos.ResultListControl.Webview
ADDED from src/main/AndroidManifest.xml:28:3-149
	android:label
		ADDED from src/main/AndroidManifest.xml:28:59-82
	android:theme
		ADDED from src/main/AndroidManifest.xml:28:84-137
	android:name
		ADDED from src/main/AndroidManifest.xml:28:13-58
uses-permission#android.permission.VIBRATE
ADDED from src/main/AndroidManifest.xml:31:5-83
	android:name
		ADDED from src/main/AndroidManifest.xml:31:22-63
uses-permission#android.permission.READ_PHONE_STATE
ADDED from src/main/AndroidManifest.xml:32:5-74
	android:name
		ADDED from src/main/AndroidManifest.xml:32:22-72
uses-permission#android.permission.RESTART_PACKAGES
ADDED from src/main/AndroidManifest.xml:33:5-74
	android:name
		ADDED from src/main/AndroidManifest.xml:33:22-72
uses-permission#android.permission.WRITE_EXTERNAL_STORAGE
ADDED from src/main/AndroidManifest.xml:34:5-80
	android:name
		ADDED from src/main/AndroidManifest.xml:34:22-78
uses-permission#android.permission.INTERNET
ADDED from src/main/AndroidManifest.xml:35:2-64
	android:name
		ADDED from src/main/AndroidManifest.xml:35:19-61
uses-permission#android.permission.ACCESS_NETWORK_STATE
ADDED from src/main/AndroidManifest.xml:36:5-79
	android:name
		ADDED from src/main/AndroidManifest.xml:36:22-76
uses-sdk
INJECTED from src/main/AndroidManifest.xml reason: use-sdk injection requested
INJECTED from src/main/AndroidManifest.xml
INJECTED from src/main/AndroidManifest.xml
INJECTED from src/main/AndroidManifest.xml
INJECTED from src/main/AndroidManifest.xml
	android:targetSdkVersion
		INJECTED from src/main/AndroidManifest.xml
		ADDED from src/main/AndroidManifest.xml
		INJECTED from src/main/AndroidManifest.xml
	android:minSdkVersion
		INJECTED from src/main/AndroidManifest.xml
		ADDED from src/main/AndroidManifest.xml
		INJECTED from src/main/AndroidManifest.xml